2018-11-26T12:06:36|CRITICAL|root|Unhandled exception:Traceback (most recent call last):
  File "C:\ProgramData\Anaconda3\lib\site-packages\pyqtgraph\graphicsItems\HistogramLUTItem.py", line 195, in imageChanged
    h = self.imageItem().getHistogram()
  File "C:\ProgramData\Anaconda3\lib\site-packages\pyqtgraph\graphicsItems\ImageItem.py", line 464, in getHistogram
    bins = np.arange(mn, mx+1.01*step, step, dtype=np.int)
ValueError: arange: cannot compute length

2018-11-26T12:06:36|CRITICAL|root|Unhandled exception:Traceback (most recent call last):
  File "C:\ProgramData\Anaconda3\lib\site-packages\pyqtgraph\graphicsItems\HistogramLUTItem.py", line 195, in imageChanged
    h = self.imageItem().getHistogram()
  File "C:\ProgramData\Anaconda3\lib\site-packages\pyqtgraph\graphicsItems\ImageItem.py", line 464, in getHistogram
    bins = np.arange(mn, mx+1.01*step, step, dtype=np.int)
ValueError: arange: cannot compute length

2018-11-26T12:06:36|CRITICAL|root|Unhandled exception:Traceback (most recent call last):
  File "C:\ProgramData\Anaconda3\lib\site-packages\pyqtgraph\graphicsItems\HistogramLUTItem.py", line 195, in imageChanged
    h = self.imageItem().getHistogram()
  File "C:\ProgramData\Anaconda3\lib\site-packages\pyqtgraph\graphicsItems\ImageItem.py", line 464, in getHistogram
    bins = np.arange(mn, mx+1.01*step, step, dtype=np.int)
ValueError: arange: cannot compute length

2018-11-26T12:06:36|CRITICAL|root|Unhandled exception:Traceback (most recent call last):
  File "C:\ProgramData\Anaconda3\lib\site-packages\pyqtgraph\graphicsItems\HistogramLUTItem.py", line 195, in imageChanged
    h = self.imageItem().getHistogram()
  File "C:\ProgramData\Anaconda3\lib\site-packages\pyqtgraph\graphicsItems\ImageItem.py", line 464, in getHistogram
    bins = np.arange(mn, mx+1.01*step, step, dtype=np.int)
ValueError: arange: cannot compute length

2018-11-26T12:06:36|CRITICAL|root|Unhandled exception:Traceback (most recent call last):
  File "C:\ProgramData\Anaconda3\lib\site-packages\pyqtgraph\graphicsItems\HistogramLUTItem.py", line 195, in imageChanged
    h = self.imageItem().getHistogram()
  File "C:\ProgramData\Anaconda3\lib\site-packages\pyqtgraph\graphicsItems\ImageItem.py", line 464, in getHistogram
    bins = np.arange(mn, mx+1.01*step, step, dtype=np.int)
ValueError: arange: cannot compute length

2018-11-26T12:06:36|CRITICAL|root|Unhandled exception:Traceback (most recent call last):
  File "C:\ProgramData\Anaconda3\lib\site-packages\pyqtgraph\graphicsItems\HistogramLUTItem.py", line 195, in imageChanged
    h = self.imageItem().getHistogram()
  File "C:\ProgramData\Anaconda3\lib\site-packages\pyqtgraph\graphicsItems\ImageItem.py", line 464, in getHistogram
    bins = np.arange(mn, mx+1.01*step, step, dtype=np.int)
ValueError: arange: cannot compute length

2018-11-26T12:06:36|CRITICAL|root|Unhandled exception:Traceback (most recent call last):
  File "C:\ProgramData\Anaconda3\lib\site-packages\pyqtgraph\graphicsItems\HistogramLUTItem.py", line 195, in imageChanged
    h = self.imageItem().getHistogram()
  File "C:\ProgramData\Anaconda3\lib\site-packages\pyqtgraph\graphicsItems\ImageItem.py", line 464, in getHistogram
    bins = np.arange(mn, mx+1.01*step, step, dtype=np.int)
ValueError: arange: cannot compute length

2018-11-26T12:06:36|CRITICAL|root|Unhandled exception:Traceback (most recent call last):
  File "C:\ProgramData\Anaconda3\lib\site-packages\pyqtgraph\graphicsItems\HistogramLUTItem.py", line 195, in imageChanged
    h = self.imageItem().getHistogram()
  File "C:\ProgramData\Anaconda3\lib\site-packages\pyqtgraph\graphicsItems\ImageItem.py", line 464, in getHistogram
    bins = np.arange(mn, mx+1.01*step, step, dtype=np.int)
ValueError: arange: cannot compute length

2018-11-26T12:06:36|CRITICAL|root|Unhandled exception:Traceback (most recent call last):
  File "C:\ProgramData\Anaconda3\lib\site-packages\pyqtgraph\graphicsItems\HistogramLUTItem.py", line 195, in imageChanged
    h = self.imageItem().getHistogram()
  File "C:\ProgramData\Anaconda3\lib\site-packages\pyqtgraph\graphicsItems\ImageItem.py", line 464, in getHistogram
    bins = np.arange(mn, mx+1.01*step, step, dtype=np.int)
ValueError: arange: cannot compute length

2018-11-26T12:06:37|ERROR|HamamatsuMeasurement|hamamatsu_image Failed to update figure1: <method 'emit' of 'PyQt5.QtCore.pyqtBoundSignal' objects> returned a result with an error set. ['Traceback (most recent call last):\n', '  File "C:\\ProgramData\\Anaconda3\\lib\\site-packages\\pyqtgraph\\graphicsItems\\HistogramLUTItem.py", line 195, in imageChanged\n    h = self.imageItem().getHistogram()\n', '  File "C:\\ProgramData\\Anaconda3\\lib\\site-packages\\pyqtgraph\\graphicsItems\\ImageItem.py", line 464, in getHistogram\n    bins = np.arange(mn, mx+1.01*step, step, dtype=np.int)\n', 'ValueError: arange: cannot compute length\n', '\nThe above exception was the direct cause of the following exception:\n\n', 'Traceback (most recent call last):\n', '  File "C:\\ProgramData\\Anaconda3\\lib\\site-packages\\ScopeFoundry\\measurement.py", line 273, in _on_display_update_timer\n    self.update_display()\n', '  File "C:\\LabPrograms\\Python\\Camera-ScopeFoundry\\CameraMeasurement.py", line 81, in update_display\n    self.imv.setImage(self.image, autoLevels=self.autoLevels)\n', '  File "C:\\ProgramData\\Anaconda3\\lib\\site-packages\\pyqtgraph\\imageview\\ImageView.py", line 301, in setImage\n    self.updateImage(autoHistogramRange=autoHistogramRange)\n', '  File "C:\\ProgramData\\Anaconda3\\lib\\site-packages\\pyqtgraph\\imageview\\ImageView.py", line 676, in updateImage\n    self.imageItem.updateImage(image)\n', '  File "C:\\ProgramData\\Anaconda3\\lib\\site-packages\\pyqtgraph\\graphicsItems\\ImageItem.py", line 342, in updateImage\n    return self.setImage(*args, **defaults)\n', '  File "C:\\ProgramData\\Anaconda3\\lib\\site-packages\\pyqtgraph\\graphicsItems\\ImageItem.py", line 283, in setImage\n    self.sigImageChanged.emit()\n', "SystemError: <method 'emit' of 'PyQt5.QtCore.pyqtBoundSignal' objects> returned a result with an error set\n"]
2018-11-26T12:06:37|CRITICAL|root|Unhandled exception:Traceback (most recent call last):
  File "C:\ProgramData\Anaconda3\lib\site-packages\ScopeFoundry\measurement.py", line 25, in run
    self.measurement._thread_run()
  File "C:\ProgramData\Anaconda3\lib\site-packages\ScopeFoundry\measurement.py", line 179, in _thread_run
    self.run()
  File "C:\LabPrograms\Python\Camera-ScopeFoundry\CameraMeasurement.py", line 111, in run
    self.image_h5.attrs['DIMENSION_LABELS'] =  ["X", "Y", "Z"]
  File "h5py\_objects.pyx", line 54, in h5py._objects.with_phil.wrapper
  File "h5py\_objects.pyx", line 55, in h5py._objects.with_phil.wrapper
  File "C:\ProgramData\Anaconda3\lib\site-packages\h5py\_hl\attrs.py", line 95, in __setitem__
    self.create(name, data=value, dtype=base.guess_dtype(value))
  File "C:\ProgramData\Anaconda3\lib\site-packages\h5py\_hl\attrs.py", line 171, in create
    htype = h5t.py_create(original_dtype, logical=True)
  File "h5py\h5t.pyx", line 1611, in h5py.h5t.py_create
  File "h5py\h5t.pyx", line 1633, in h5py.h5t.py_create
  File "h5py\h5t.pyx", line 1694, in h5py.h5t.py_create
TypeError: No conversion path for dtype: dtype('<U1')

2018-11-26T12:06:37|CRITICAL|root|Unhandled exception:Traceback (most recent call last):
  File "C:\ProgramData\Anaconda3\lib\site-packages\pyqtgraph\graphicsItems\HistogramLUTItem.py", line 195, in imageChanged
    h = self.imageItem().getHistogram()
  File "C:\ProgramData\Anaconda3\lib\site-packages\pyqtgraph\graphicsItems\ImageItem.py", line 464, in getHistogram
    bins = np.arange(mn, mx+1.01*step, step, dtype=np.int)
ValueError: arange: cannot compute length

