2018-11-09T10:26:34|CRITICAL|root|Unhandled exception:Traceback (most recent call last):
  File "C:\Users\Admin\Desktop\Camera-ScopeFoundry\CameraApp.py", line 25, in <module>
    sys.exit(app.exec_())
SystemExit: 0

During handling of the above exception, another exception occurred:

Traceback (most recent call last):
  File "C:\Users\Admin\Desktop\Camera-ScopeFoundry\CameraApp.py", line 27, in <module>
    error_uninit = dcam.dcamapi_uninit()
NameError: name 'dcam' is not defined

