2018-12-05T10:18:05|CRITICAL|root|Unhandled exception:Traceback (most recent call last):
  File "C:\LabPrograms\Python\Camera-ScopeFoundry\CameraMeasurement.py", line 145, in run
    self.camera.hamamatsu.stopRecording()
  File "C:\LabPrograms\Python\Camera-ScopeFoundry\CameraDevice.py", line 1277, in stopRecording
    if self.checkStatus(dcam.dcamrec_status(self.rec_handle), "dcamrec_status") == DCAMCAP_STATUS_BUSY:
OSError: exception: access violation writing 0x000000006B126000

During handling of the above exception, another exception occurred:

Traceback (most recent call last):
  File "C:\ProgramData\Anaconda3\lib\site-packages\ScopeFoundry\measurement.py", line 25, in run
    self.measurement._thread_run()
  File "C:\ProgramData\Anaconda3\lib\site-packages\ScopeFoundry\measurement.py", line 179, in _thread_run
    self.run()
  File "C:\LabPrograms\Python\Camera-ScopeFoundry\CameraMeasurement.py", line 231, in run
    self.camera.hamamatsu.stopAcquisition()
  File "C:\LabPrograms\Python\Camera-ScopeFoundry\CameraDevice.py", line 1174, in stopAcquisition
    self.checkStatus(dcam.dcamcap_stop(self.camera_handle),
OSError: exception: access violation reading 0xFFFFFFFFFFFFFFFF

