2018-11-15T10:27:23|CRITICAL|root|Unhandled exception:Traceback (most recent call last):
  File "C:\ProgramData\Anaconda3\lib\site-packages\numpy\core\fromnumeric.py", line 51, in _wrapfunc
    return getattr(obj, method)(*args, **kwds)
TypeError: 'float' object cannot be interpreted as an integer

During handling of the above exception, another exception occurred:

Traceback (most recent call last):
  File "C:\ProgramData\Anaconda3\lib\site-packages\ScopeFoundry\measurement.py", line 25, in run
    self.measurement._thread_run()
  File "C:\ProgramData\Anaconda3\lib\site-packages\ScopeFoundry\measurement.py", line 179, in _thread_run
    self.run()
  File "C:\Users\Admin\Desktop\Camera-ScopeFoundry\CameraMeasurement.py", line 108, in run
    self.image = np.reshape(self.np_data,(self.camera.subarrayv.val, self.camera.subarrayh.val)).T
  File "C:\ProgramData\Anaconda3\lib\site-packages\numpy\core\fromnumeric.py", line 279, in reshape
    return _wrapfunc(a, 'reshape', newshape, order=order)
  File "C:\ProgramData\Anaconda3\lib\site-packages\numpy\core\fromnumeric.py", line 61, in _wrapfunc
    return _wrapit(obj, method, *args, **kwds)
  File "C:\ProgramData\Anaconda3\lib\site-packages\numpy\core\fromnumeric.py", line 41, in _wrapit
    result = getattr(asarray(obj), method)(*args, **kwds)
TypeError: 'float' object cannot be interpreted as an integer

