2018-11-26T17:08:21|CRITICAL|root|Unhandled exception:Traceback (most recent call last):
  File "C:\LabPrograms\Python\Camera-ScopeFoundry\CameraApp.py", line 35, in <module>
    app = HamamatsuApp(sys.argv)
  File "C:\LabPrograms\Python\Camera-ScopeFoundry\CameraApp.py", line 14, in __init__
    self.settings.New('save_dir', dtype='file', initial="D:\Data")
  File "C:\ProgramData\Anaconda3\lib\site-packages\ScopeFoundry\logged_quantity.py", line 1108, in New
    return self.Add(lq)
  File "C:\ProgramData\Anaconda3\lib\site-packages\ScopeFoundry\logged_quantity.py", line 1115, in Add
    assert not (name in self._logged_quantities)
AssertionError

