2018-11-27T16:01:52|CRITICAL|root|Unhandled exception:Traceback (most recent call last):
  File "C:\LabPrograms\Python\Camera-ScopeFoundry\CameraApp.py", line 51, in <module>
    app = HamamatsuApp(sys.argv)
  File "C:\LabPrograms\Python\Camera-ScopeFoundry\CameraApp.py", line 18, in __init__
    super().__init__(*kwds) # *kwds is needed since in the main we pass as argument sys.argv, and without
  File "C:\ProgramData\Anaconda3\lib\site-packages\ScopeFoundry\base_app.py", line 332, in __init__
    self.setup()
  File "C:\LabPrograms\Python\Camera-ScopeFoundry\CameraApp.py", line 27, in setup
    self.add_hardware(HamamatsuHardware(self))
  File "C:\ProgramData\Anaconda3\lib\site-packages\ScopeFoundry\hardware.py", line 80, in __init__
    self.setup()
  File "C:\LabPrograms\Python\Camera-ScopeFoundry\CameraHardware.py", line 62, in setup
    choices = [1, 2, 4], initial = 1, reread_from_hardware_after_write = True )
  File "C:\ProgramData\Anaconda3\lib\site-packages\ScopeFoundry\hardware.py", line 28, in add_logged_quantity
    return self.settings.New(name, **kwargs)
  File "C:\ProgramData\Anaconda3\lib\site-packages\ScopeFoundry\logged_quantity.py", line 1108, in New
    return self.Add(lq)
  File "C:\ProgramData\Anaconda3\lib\site-packages\ScopeFoundry\logged_quantity.py", line 1115, in Add
    assert not (name in self._logged_quantities)
AssertionError

